TN:
SF:/home/eth/IDVN.Solidity/contracts/Aliases.sol
FN:41,
FN:51,transferWallet
FN:56,changeClaimTokenFeeAmount
FN:60,changeClaimEthFeeAmount
FN:64,isClaimedAlias
FN:68,aliasToAddress
FN:72,aliasesCount
FN:76,aliasAtIndex
FN:87,claimAliasWithEth
FN:100,claimAliasWithToken
FN:112,releaseAlias
FN:123,_isEmptyString
FN:128,_claimAlias
FNF:13
FNH:13
FNDA:64,
FNDA:3,transferWallet
FNDA:5,changeClaimTokenFeeAmount
FNDA:5,changeClaimEthFeeAmount
FNDA:59,isClaimedAlias
FNDA:14,aliasToAddress
FNDA:6,aliasesCount
FNDA:4,aliasAtIndex
FNDA:37,claimAliasWithEth
FNDA:5,claimAliasWithToken
FNDA:13,releaseAlias
FNDA:55,_isEmptyString
FNDA:35,_claimAlias
DA:42,64
DA:43,62
DA:45,60
DA:46,60
DA:47,60
DA:48,60
DA:52,3
DA:53,1
DA:57,5
DA:61,5
DA:65,59
DA:69,14
DA:73,6
DA:77,4
DA:79,3
DA:80,3
DA:81,2
DA:84,1
DA:88,37
DA:89,36
DA:91,34
DA:92,4
DA:93,2
DA:94,2
DA:97,32
DA:101,5
DA:102,5
DA:104,5
DA:106,4
DA:109,3
DA:113,13
DA:114,12
DA:115,9
DA:117,9
DA:119,9
DA:120,9
DA:124,55
DA:125,55
DA:129,35
DA:130,35
DA:132,35
DA:133,32
DA:134,32
DA:137,3
DA:140,35
DA:142,35
DA:143,35
LF:47
LH:47
BRDA:42,1,0,62
BRDA:42,1,1,2
BRDA:43,2,0,60
BRDA:43,2,1,2
BRDA:52,3,0,1
BRDA:52,3,1,2
BRDA:77,4,0,3
BRDA:77,4,1,1
BRDA:80,5,0,2
BRDA:80,5,1,1
BRDA:88,6,0,36
BRDA:88,6,1,1
BRDA:89,7,0,34
BRDA:89,7,1,2
BRDA:91,8,0,4
BRDA:91,8,1,30
BRDA:92,9,0,2
BRDA:92,9,1,2
BRDA:101,10,0,5
BRDA:101,10,1,0
BRDA:102,11,0,5
BRDA:102,11,1,0
BRDA:104,12,0,4
BRDA:104,12,1,1
BRDA:106,13,0,2
BRDA:106,13,1,2
BRDA:113,14,0,12
BRDA:113,14,1,1
BRDA:114,15,0,9
BRDA:114,15,1,3
BRDA:115,16,0,9
BRDA:115,16,1,0
BRDA:132,17,0,32
BRDA:132,17,1,3
BRF:34
BRH:31
end_of_record
TN:
SF:/home/eth/IDVN.Solidity/contracts/IDVNToken.sol
FN:15,
FNF:1
FNH:1
FNDA:62,
DA:16,62
DA:17,62
DA:18,62
LF:3
LH:3
BRF:0
BRH:0
end_of_record
