TN:
SF:/home/eth/IDVN.Solidity/contracts/Aliases.sol
FN:41,
FN:51,transferWallet
FN:56,changeClaimTokenFeeAmount
FN:60,changeClaimEthFeeAmount
FN:64,isClaimedAlias
FN:68,aliasToAddress
FN:72,aliasesCount
FN:76,aliasAtIndex
FN:87,claimAliasWithEth
FN:100,claimAliasWithToken
FN:112,releaseAlias
FN:123,_isEmptyString
FN:128,_claimAlias
FNF:13
FNH:12
FNDA:53,
FNDA:3,transferWallet
FNDA:1,changeClaimTokenFeeAmount
FNDA:1,changeClaimEthFeeAmount
FNDA:46,isClaimedAlias
FNDA:8,aliasToAddress
FNDA:5,aliasesCount
FNDA:3,aliasAtIndex
FNDA:30,claimAliasWithEth
FNDA:0,claimAliasWithToken
FNDA:12,releaseAlias
FNDA:42,_isEmptyString
FNDA:27,_claimAlias
DA:42,53
DA:43,51
DA:45,49
DA:46,49
DA:47,49
DA:48,49
DA:52,3
DA:53,1
DA:57,1
DA:61,1
DA:65,46
DA:69,8
DA:73,5
DA:77,3
DA:79,2
DA:80,2
DA:81,2
DA:84,0
DA:88,30
DA:89,29
DA:91,27
DA:92,0
DA:93,0
DA:94,0
DA:97,27
DA:101,0
DA:102,0
DA:104,0
DA:106,0
DA:109,0
DA:113,12
DA:114,11
DA:115,8
DA:117,8
DA:119,8
DA:120,8
DA:124,42
DA:125,42
DA:129,27
DA:130,27
DA:132,27
DA:133,27
DA:134,27
DA:137,0
DA:140,27
DA:142,27
DA:143,27
LF:47
LH:37
BRDA:42,1,0,51
BRDA:42,1,1,2
BRDA:43,2,0,49
BRDA:43,2,1,2
BRDA:52,3,0,1
BRDA:52,3,1,2
BRDA:77,4,0,2
BRDA:77,4,1,1
BRDA:80,5,0,2
BRDA:80,5,1,0
BRDA:88,6,0,29
BRDA:88,6,1,1
BRDA:89,7,0,27
BRDA:89,7,1,2
BRDA:91,8,0,0
BRDA:91,8,1,27
BRDA:92,9,0,0
BRDA:92,9,1,0
BRDA:101,10,0,0
BRDA:101,10,1,0
BRDA:102,11,0,0
BRDA:102,11,1,0
BRDA:104,12,0,0
BRDA:104,12,1,0
BRDA:106,13,0,0
BRDA:106,13,1,0
BRDA:113,14,0,11
BRDA:113,14,1,1
BRDA:114,15,0,8
BRDA:114,15,1,3
BRDA:115,16,0,8
BRDA:115,16,1,0
BRDA:132,17,0,27
BRDA:132,17,1,0
BRF:34
BRH:20
end_of_record
TN:
SF:/home/eth/IDVN.Solidity/contracts/IDVNToken.sol
FN:15,
FNF:1
FNH:1
FNDA:1,
DA:16,1
DA:17,1
DA:18,1
LF:3
LH:3
BRF:0
BRH:0
end_of_record
