{"contracts/Aliases.sol":{"l":{"42":53,"43":51,"45":49,"46":49,"47":49,"48":49,"52":3,"53":1,"57":1,"61":1,"65":46,"69":8,"73":5,"77":3,"79":2,"80":2,"81":2,"84":0,"88":30,"89":29,"91":27,"92":0,"93":0,"94":0,"97":27,"101":0,"102":0,"104":0,"106":0,"109":0,"113":12,"114":11,"115":8,"117":8,"119":8,"120":8,"124":42,"125":42,"129":27,"130":27,"132":27,"133":27,"134":27,"137":0,"140":27,"142":27,"143":27},"path":"/home/eth/IDVN.Solidity/contracts/Aliases.sol","s":{"1":53,"2":51,"3":49,"4":49,"5":49,"6":49,"7":3,"8":1,"9":1,"10":1,"11":46,"12":8,"13":5,"14":3,"15":2,"16":2,"17":2,"18":0,"19":30,"20":29,"21":27,"22":0,"23":27,"24":0,"25":0,"26":0,"27":0,"28":0,"29":12,"30":11,"31":8,"32":8,"33":8,"34":42,"35":42,"36":27,"37":27,"38":27,"39":27,"40":27,"41":0,"42":27,"43":27},"b":{"1":[51,2],"2":[49,2],"3":[1,2],"4":[2,1],"5":[2,0],"6":[29,1],"7":[27,2],"8":[0,27],"9":[0,0],"10":[0,0],"11":[0,0],"12":[0,0],"13":[0,0],"14":[11,1],"15":[8,3],"16":[8,0],"17":[27,0]},"f":{"1":53,"2":3,"3":1,"4":1,"5":46,"6":8,"7":5,"8":3,"9":30,"10":0,"11":12,"12":42,"13":27},"fnMap":{"1":{"name":null,"line":41,"loc":{"start":{"line":41,"column":4},"end":{"line":41,"column":117}}},"2":{"name":"transferWallet","line":51,"loc":{"start":{"line":51,"column":4},"end":{"line":51,"column":62}}},"3":{"name":"changeClaimTokenFeeAmount","line":56,"loc":{"start":{"line":56,"column":4},"end":{"line":56,"column":83}}},"4":{"name":"changeClaimEthFeeAmount","line":60,"loc":{"start":{"line":60,"column":4},"end":{"line":60,"column":79}}},"5":{"name":"isClaimedAlias","line":64,"loc":{"start":{"line":64,"column":4},"end":{"line":64,"column":77}}},"6":{"name":"aliasToAddress","line":68,"loc":{"start":{"line":68,"column":4},"end":{"line":68,"column":75}}},"7":{"name":"aliasesCount","line":72,"loc":{"start":{"line":72,"column":4},"end":{"line":72,"column":58}}},"8":{"name":"aliasAtIndex","line":76,"loc":{"start":{"line":76,"column":4},"end":{"line":76,"column":71}}},"9":{"name":"claimAliasWithEth","line":87,"loc":{"start":{"line":87,"column":4},"end":{"line":87,"column":58}}},"10":{"name":"claimAliasWithToken","line":100,"loc":{"start":{"line":100,"column":4},"end":{"line":100,"column":52}}},"11":{"name":"releaseAlias","line":112,"loc":{"start":{"line":112,"column":4},"end":{"line":112,"column":45}}},"12":{"name":"_isEmptyString","line":123,"loc":{"start":{"line":123,"column":4},"end":{"line":123,"column":74}}},"13":{"name":"_claimAlias","line":128,"loc":{"start":{"line":128,"column":4},"end":{"line":128,"column":65}}}},"statementMap":{"1":{"start":{"line":42,"column":8},"end":{"line":42,"column":37}},"2":{"start":{"line":43,"column":8},"end":{"line":43,"column":48}},"3":{"start":{"line":45,"column":8},"end":{"line":45,"column":23}},"4":{"start":{"line":46,"column":8},"end":{"line":46,"column":45}},"5":{"start":{"line":47,"column":8},"end":{"line":47,"column":49}},"6":{"start":{"line":48,"column":8},"end":{"line":48,"column":45}},"7":{"start":{"line":52,"column":8},"end":{"line":52,"column":40}},"8":{"start":{"line":53,"column":8},"end":{"line":53,"column":26}},"9":{"start":{"line":57,"column":8},"end":{"line":57,"column":52}},"10":{"start":{"line":61,"column":8},"end":{"line":61,"column":48}},"11":{"start":{"line":65,"column":8},"end":{"line":65,"column":53}},"12":{"start":{"line":69,"column":8},"end":{"line":69,"column":39}},"13":{"start":{"line":73,"column":8},"end":{"line":73,"column":48}},"14":{"start":{"line":77,"column":8},"end":{"line":77,"column":76}},"15":{"start":{"line":79,"column":8},"end":{"line":79,"column":68}},"16":{"start":{"line":80,"column":8},"end":{"line":80,"column":2626}},"17":{"start":{"line":81,"column":12},"end":{"line":81,"column":29}},"18":{"start":{"line":84,"column":8},"end":{"line":84,"column":17}},"19":{"start":{"line":88,"column":8},"end":{"line":88,"column":57}},"20":{"start":{"line":89,"column":8},"end":{"line":89,"column":70}},"21":{"start":{"line":91,"column":8},"end":{"line":91,"column":2979}},"22":{"start":{"line":92,"column":12},"end":{"line":92,"column":50}},"23":{"start":{"line":97,"column":8},"end":{"line":97,"column":32}},"24":{"start":{"line":101,"column":8},"end":{"line":101,"column":57}},"25":{"start":{"line":102,"column":8},"end":{"line":102,"column":70}},"26":{"start":{"line":104,"column":8},"end":{"line":104,"column":3461}},"27":{"start":{"line":106,"column":12},"end":{"line":106,"column":98}},"28":{"start":{"line":109,"column":8},"end":{"line":109,"column":33}},"29":{"start":{"line":113,"column":8},"end":{"line":113,"column":57}},"30":{"start":{"line":114,"column":8},"end":{"line":114,"column":64}},"31":{"start":{"line":115,"column":8},"end":{"line":115,"column":74}},"32":{"start":{"line":119,"column":8},"end":{"line":119,"column":55}},"33":{"start":{"line":120,"column":8},"end":{"line":120,"column":60}},"34":{"start":{"line":124,"column":8},"end":{"line":124,"column":45}},"35":{"start":{"line":125,"column":8},"end":{"line":125,"column":38}},"36":{"start":{"line":129,"column":8},"end":{"line":129,"column":41}},"37":{"start":{"line":130,"column":8},"end":{"line":130,"column":44}},"38":{"start":{"line":132,"column":8},"end":{"line":132,"column":4588}},"39":{"start":{"line":133,"column":12},"end":{"line":133,"column":51}},"40":{"start":{"line":134,"column":12},"end":{"line":134,"column":53}},"41":{"start":{"line":137,"column":12},"end":{"line":137,"column":55}},"42":{"start":{"line":142,"column":8},"end":{"line":142,"column":55}},"43":{"start":{"line":143,"column":8},"end":{"line":143,"column":60}}},"branchMap":{"1":{"line":42,"type":"if","locations":[{"start":{"line":42,"column":8},"end":{"line":42,"column":8}},{"start":{"line":42,"column":8},"end":{"line":42,"column":8}}]},"2":{"line":43,"type":"if","locations":[{"start":{"line":43,"column":8},"end":{"line":43,"column":8}},{"start":{"line":43,"column":8},"end":{"line":43,"column":8}}]},"3":{"line":52,"type":"if","locations":[{"start":{"line":52,"column":8},"end":{"line":52,"column":8}},{"start":{"line":52,"column":8},"end":{"line":52,"column":8}}]},"4":{"line":77,"type":"if","locations":[{"start":{"line":77,"column":8},"end":{"line":77,"column":8}},{"start":{"line":77,"column":8},"end":{"line":77,"column":8}}]},"5":{"line":80,"type":"if","locations":[{"start":{"line":80,"column":8},"end":{"line":80,"column":8}},{"start":{"line":80,"column":8},"end":{"line":80,"column":8}}]},"6":{"line":88,"type":"if","locations":[{"start":{"line":88,"column":8},"end":{"line":88,"column":8}},{"start":{"line":88,"column":8},"end":{"line":88,"column":8}}]},"7":{"line":89,"type":"if","locations":[{"start":{"line":89,"column":8},"end":{"line":89,"column":8}},{"start":{"line":89,"column":8},"end":{"line":89,"column":8}}]},"8":{"line":91,"type":"if","locations":[{"start":{"line":91,"column":8},"end":{"line":91,"column":8}},{"start":{"line":91,"column":8},"end":{"line":91,"column":8}}]},"9":{"line":92,"type":"if","locations":[{"start":{"line":92,"column":12},"end":{"line":92,"column":12}},{"start":{"line":92,"column":12},"end":{"line":92,"column":12}}]},"10":{"line":101,"type":"if","locations":[{"start":{"line":101,"column":8},"end":{"line":101,"column":8}},{"start":{"line":101,"column":8},"end":{"line":101,"column":8}}]},"11":{"line":102,"type":"if","locations":[{"start":{"line":102,"column":8},"end":{"line":102,"column":8}},{"start":{"line":102,"column":8},"end":{"line":102,"column":8}}]},"12":{"line":104,"type":"if","locations":[{"start":{"line":104,"column":8},"end":{"line":104,"column":8}},{"start":{"line":104,"column":8},"end":{"line":104,"column":8}}]},"13":{"line":106,"type":"if","locations":[{"start":{"line":106,"column":12},"end":{"line":106,"column":12}},{"start":{"line":106,"column":12},"end":{"line":106,"column":12}}]},"14":{"line":113,"type":"if","locations":[{"start":{"line":113,"column":8},"end":{"line":113,"column":8}},{"start":{"line":113,"column":8},"end":{"line":113,"column":8}}]},"15":{"line":114,"type":"if","locations":[{"start":{"line":114,"column":8},"end":{"line":114,"column":8}},{"start":{"line":114,"column":8},"end":{"line":114,"column":8}}]},"16":{"line":115,"type":"if","locations":[{"start":{"line":115,"column":8},"end":{"line":115,"column":8}},{"start":{"line":115,"column":8},"end":{"line":115,"column":8}}]},"17":{"line":132,"type":"if","locations":[{"start":{"line":132,"column":8},"end":{"line":132,"column":8}},{"start":{"line":132,"column":8},"end":{"line":132,"column":8}}]}}},"contracts/IDVNToken.sol":{"l":{"16":1,"17":1,"18":1},"path":"/home/eth/IDVN.Solidity/contracts/IDVNToken.sol","s":{"1":1,"2":1,"3":1},"b":{},"f":{"1":1},"fnMap":{"1":{"name":null,"line":15,"loc":{"start":{"line":15,"column":2},"end":{"line":15,"column":22}}}},"statementMap":{"1":{"start":{"line":16,"column":4},"end":{"line":16,"column":32}},"2":{"start":{"line":17,"column":4},"end":{"line":17,"column":40}},"3":{"start":{"line":18,"column":4},"end":{"line":18,"column":57}}},"branchMap":{}}}