{"contracts/Aliases.sol":{"l":{"43":74,"44":72,"46":70,"47":70,"48":70,"49":70,"53":3,"54":1,"58":5,"62":5,"66":69,"70":17,"74":14,"78":6,"82":4,"84":3,"85":3,"86":2,"89":1,"93":42,"94":41,"96":39,"97":4,"98":2,"99":2,"102":37,"106":5,"107":5,"109":5,"111":4,"114":3,"118":13,"119":12,"120":9,"122":9,"124":9,"125":9,"129":7,"130":6,"131":5,"132":4,"134":3,"138":2,"142":73,"143":73,"147":40,"148":40,"150":40,"151":37,"152":37,"155":3,"158":40,"160":40,"161":40},"path":"/home/eth/IDVN.Solidity/contracts/Aliases.sol","s":{"1":74,"2":72,"3":70,"4":70,"5":70,"6":70,"7":3,"8":1,"9":5,"10":5,"11":69,"12":17,"13":14,"14":6,"15":4,"16":3,"17":3,"18":2,"19":1,"20":42,"21":41,"22":39,"23":4,"24":37,"25":5,"26":5,"27":5,"28":4,"29":3,"30":13,"31":12,"32":9,"33":9,"34":9,"35":7,"36":6,"37":5,"38":4,"39":3,"40":2,"41":73,"42":73,"43":40,"44":40,"45":40,"46":37,"47":37,"48":3,"49":40,"50":40},"b":{"1":[72,2],"2":[70,2],"3":[1,2],"4":[3,1],"5":[2,1],"6":[41,1],"7":[39,2],"8":[4,35],"9":[2,2],"10":[5,0],"11":[5,0],"12":[4,1],"13":[2,2],"14":[12,1],"15":[9,3],"16":[9,0],"17":[6,1],"18":[5,1],"19":[4,1],"20":[3,1],"21":[37,3]},"f":{"1":74,"2":3,"3":5,"4":5,"5":69,"6":17,"7":14,"8":6,"9":4,"10":42,"11":5,"12":13,"13":7,"14":2,"15":73,"16":40},"fnMap":{"1":{"name":null,"line":42,"loc":{"start":{"line":42,"column":4},"end":{"line":42,"column":117}}},"2":{"name":"transferWallet","line":52,"loc":{"start":{"line":52,"column":4},"end":{"line":52,"column":62}}},"3":{"name":"changeClaimTokenFeeAmount","line":57,"loc":{"start":{"line":57,"column":4},"end":{"line":57,"column":83}}},"4":{"name":"changeClaimEthFeeAmount","line":61,"loc":{"start":{"line":61,"column":4},"end":{"line":61,"column":79}}},"5":{"name":"isClaimedAlias","line":65,"loc":{"start":{"line":65,"column":4},"end":{"line":65,"column":77}}},"6":{"name":"isOwnAlias","line":69,"loc":{"start":{"line":69,"column":4},"end":{"line":69,"column":69}}},"7":{"name":"aliasToAddress","line":73,"loc":{"start":{"line":73,"column":4},"end":{"line":73,"column":75}}},"8":{"name":"aliasesCount","line":77,"loc":{"start":{"line":77,"column":4},"end":{"line":77,"column":58}}},"9":{"name":"aliasAtIndex","line":81,"loc":{"start":{"line":81,"column":4},"end":{"line":81,"column":71}}},"10":{"name":"claimAliasWithEth","line":92,"loc":{"start":{"line":92,"column":4},"end":{"line":92,"column":58}}},"11":{"name":"claimAliasWithToken","line":105,"loc":{"start":{"line":105,"column":4},"end":{"line":105,"column":52}}},"12":{"name":"releaseAlias","line":117,"loc":{"start":{"line":117,"column":4},"end":{"line":117,"column":45}}},"13":{"name":"updateAvatarHash","line":128,"loc":{"start":{"line":128,"column":4},"end":{"line":128,"column":63}}},"14":{"name":"readAvatarHash","line":137,"loc":{"start":{"line":137,"column":4},"end":{"line":137,"column":74}}},"15":{"name":"_isEmptyString","line":141,"loc":{"start":{"line":141,"column":4},"end":{"line":141,"column":74}}},"16":{"name":"_claimAlias","line":146,"loc":{"start":{"line":146,"column":4},"end":{"line":146,"column":65}}}},"statementMap":{"1":{"start":{"line":43,"column":8},"end":{"line":43,"column":37}},"2":{"start":{"line":44,"column":8},"end":{"line":44,"column":48}},"3":{"start":{"line":46,"column":8},"end":{"line":46,"column":23}},"4":{"start":{"line":47,"column":8},"end":{"line":47,"column":45}},"5":{"start":{"line":48,"column":8},"end":{"line":48,"column":49}},"6":{"start":{"line":49,"column":8},"end":{"line":49,"column":45}},"7":{"start":{"line":53,"column":8},"end":{"line":53,"column":40}},"8":{"start":{"line":54,"column":8},"end":{"line":54,"column":26}},"9":{"start":{"line":58,"column":8},"end":{"line":58,"column":52}},"10":{"start":{"line":62,"column":8},"end":{"line":62,"column":48}},"11":{"start":{"line":66,"column":8},"end":{"line":66,"column":53}},"12":{"start":{"line":70,"column":8},"end":{"line":70,"column":53}},"13":{"start":{"line":74,"column":8},"end":{"line":74,"column":39}},"14":{"start":{"line":78,"column":8},"end":{"line":78,"column":48}},"15":{"start":{"line":82,"column":8},"end":{"line":82,"column":76}},"16":{"start":{"line":84,"column":8},"end":{"line":84,"column":68}},"17":{"start":{"line":85,"column":8},"end":{"line":85,"column":2794}},"18":{"start":{"line":86,"column":12},"end":{"line":86,"column":29}},"19":{"start":{"line":89,"column":8},"end":{"line":89,"column":17}},"20":{"start":{"line":93,"column":8},"end":{"line":93,"column":57}},"21":{"start":{"line":94,"column":8},"end":{"line":94,"column":70}},"22":{"start":{"line":96,"column":8},"end":{"line":96,"column":3147}},"23":{"start":{"line":97,"column":12},"end":{"line":97,"column":50}},"24":{"start":{"line":102,"column":8},"end":{"line":102,"column":32}},"25":{"start":{"line":106,"column":8},"end":{"line":106,"column":57}},"26":{"start":{"line":107,"column":8},"end":{"line":107,"column":70}},"27":{"start":{"line":109,"column":8},"end":{"line":109,"column":3629}},"28":{"start":{"line":111,"column":12},"end":{"line":111,"column":98}},"29":{"start":{"line":114,"column":8},"end":{"line":114,"column":33}},"30":{"start":{"line":118,"column":8},"end":{"line":118,"column":57}},"31":{"start":{"line":119,"column":8},"end":{"line":119,"column":64}},"32":{"start":{"line":120,"column":8},"end":{"line":120,"column":54}},"33":{"start":{"line":124,"column":8},"end":{"line":124,"column":55}},"34":{"start":{"line":125,"column":8},"end":{"line":125,"column":60}},"35":{"start":{"line":129,"column":8},"end":{"line":129,"column":57}},"36":{"start":{"line":130,"column":8},"end":{"line":130,"column":55}},"37":{"start":{"line":131,"column":8},"end":{"line":131,"column":64}},"38":{"start":{"line":132,"column":8},"end":{"line":132,"column":54}},"39":{"start":{"line":134,"column":8},"end":{"line":134,"column":44}},"40":{"start":{"line":138,"column":8},"end":{"line":138,"column":44}},"41":{"start":{"line":142,"column":8},"end":{"line":142,"column":45}},"42":{"start":{"line":143,"column":8},"end":{"line":143,"column":38}},"43":{"start":{"line":147,"column":8},"end":{"line":147,"column":41}},"44":{"start":{"line":148,"column":8},"end":{"line":148,"column":44}},"45":{"start":{"line":150,"column":8},"end":{"line":150,"column":5262}},"46":{"start":{"line":151,"column":12},"end":{"line":151,"column":51}},"47":{"start":{"line":152,"column":12},"end":{"line":152,"column":53}},"48":{"start":{"line":155,"column":12},"end":{"line":155,"column":55}},"49":{"start":{"line":160,"column":8},"end":{"line":160,"column":55}},"50":{"start":{"line":161,"column":8},"end":{"line":161,"column":60}}},"branchMap":{"1":{"line":43,"type":"if","locations":[{"start":{"line":43,"column":8},"end":{"line":43,"column":8}},{"start":{"line":43,"column":8},"end":{"line":43,"column":8}}]},"2":{"line":44,"type":"if","locations":[{"start":{"line":44,"column":8},"end":{"line":44,"column":8}},{"start":{"line":44,"column":8},"end":{"line":44,"column":8}}]},"3":{"line":53,"type":"if","locations":[{"start":{"line":53,"column":8},"end":{"line":53,"column":8}},{"start":{"line":53,"column":8},"end":{"line":53,"column":8}}]},"4":{"line":82,"type":"if","locations":[{"start":{"line":82,"column":8},"end":{"line":82,"column":8}},{"start":{"line":82,"column":8},"end":{"line":82,"column":8}}]},"5":{"line":85,"type":"if","locations":[{"start":{"line":85,"column":8},"end":{"line":85,"column":8}},{"start":{"line":85,"column":8},"end":{"line":85,"column":8}}]},"6":{"line":93,"type":"if","locations":[{"start":{"line":93,"column":8},"end":{"line":93,"column":8}},{"start":{"line":93,"column":8},"end":{"line":93,"column":8}}]},"7":{"line":94,"type":"if","locations":[{"start":{"line":94,"column":8},"end":{"line":94,"column":8}},{"start":{"line":94,"column":8},"end":{"line":94,"column":8}}]},"8":{"line":96,"type":"if","locations":[{"start":{"line":96,"column":8},"end":{"line":96,"column":8}},{"start":{"line":96,"column":8},"end":{"line":96,"column":8}}]},"9":{"line":97,"type":"if","locations":[{"start":{"line":97,"column":12},"end":{"line":97,"column":12}},{"start":{"line":97,"column":12},"end":{"line":97,"column":12}}]},"10":{"line":106,"type":"if","locations":[{"start":{"line":106,"column":8},"end":{"line":106,"column":8}},{"start":{"line":106,"column":8},"end":{"line":106,"column":8}}]},"11":{"line":107,"type":"if","locations":[{"start":{"line":107,"column":8},"end":{"line":107,"column":8}},{"start":{"line":107,"column":8},"end":{"line":107,"column":8}}]},"12":{"line":109,"type":"if","locations":[{"start":{"line":109,"column":8},"end":{"line":109,"column":8}},{"start":{"line":109,"column":8},"end":{"line":109,"column":8}}]},"13":{"line":111,"type":"if","locations":[{"start":{"line":111,"column":12},"end":{"line":111,"column":12}},{"start":{"line":111,"column":12},"end":{"line":111,"column":12}}]},"14":{"line":118,"type":"if","locations":[{"start":{"line":118,"column":8},"end":{"line":118,"column":8}},{"start":{"line":118,"column":8},"end":{"line":118,"column":8}}]},"15":{"line":119,"type":"if","locations":[{"start":{"line":119,"column":8},"end":{"line":119,"column":8}},{"start":{"line":119,"column":8},"end":{"line":119,"column":8}}]},"16":{"line":120,"type":"if","locations":[{"start":{"line":120,"column":8},"end":{"line":120,"column":8}},{"start":{"line":120,"column":8},"end":{"line":120,"column":8}}]},"17":{"line":129,"type":"if","locations":[{"start":{"line":129,"column":8},"end":{"line":129,"column":8}},{"start":{"line":129,"column":8},"end":{"line":129,"column":8}}]},"18":{"line":130,"type":"if","locations":[{"start":{"line":130,"column":8},"end":{"line":130,"column":8}},{"start":{"line":130,"column":8},"end":{"line":130,"column":8}}]},"19":{"line":131,"type":"if","locations":[{"start":{"line":131,"column":8},"end":{"line":131,"column":8}},{"start":{"line":131,"column":8},"end":{"line":131,"column":8}}]},"20":{"line":132,"type":"if","locations":[{"start":{"line":132,"column":8},"end":{"line":132,"column":8}},{"start":{"line":132,"column":8},"end":{"line":132,"column":8}}]},"21":{"line":150,"type":"if","locations":[{"start":{"line":150,"column":8},"end":{"line":150,"column":8}},{"start":{"line":150,"column":8},"end":{"line":150,"column":8}}]}}},"contracts/IDVNToken.sol":{"l":{"16":72,"17":72,"18":72},"path":"/home/eth/IDVN.Solidity/contracts/IDVNToken.sol","s":{"1":72,"2":72,"3":72},"b":{},"f":{"1":72},"fnMap":{"1":{"name":null,"line":15,"loc":{"start":{"line":15,"column":2},"end":{"line":15,"column":22}}}},"statementMap":{"1":{"start":{"line":16,"column":4},"end":{"line":16,"column":32}},"2":{"start":{"line":17,"column":4},"end":{"line":17,"column":40}},"3":{"start":{"line":18,"column":4},"end":{"line":18,"column":57}}},"branchMap":{}}}